0 silly argv {
0 silly argv   _: [ 'run' ],
0 silly argv   lernaVersion: '5.4.0',
0 silly argv   '$0': '/Volumes/Data/on-going/ryan/littlespoon/designsystem/node_modules/.bin/lerna',
0 silly argv   script: 'build'
0 silly argv }
1 notice cli v5.4.0
2 verbose rootPath /Volumes/Data/on-going/ryan/littlespoon/designsystem
3 info versioning independent
4 error JSONError: Unexpected token "}" (0x7D) in JSON at position 1083 while parsing near ".../alert\": \"1.0.0\",\n  },\n  \"peerDependenci..." in packages/ui/package.json
4 error
4 error [0m [90m 27 |[39m     [32m"@littlespoon/typography"[39m[33m:[39m [32m"1.5.1"[39m[33m,[39m[0m
4 error [0m [90m 28 |[39m     [32m"@littlespoon/alert"[39m[33m:[39m [32m"1.0.0"[39m[33m,[39m[0m
4 error [0m[31m[1m>[22m[39m[90m 29 |[39m   }[33m,[39m[0m
4 error [0m [90m    |[39m   [31m[1m^[22m[39m[0m
4 error [0m [90m 30 |[39m   [32m"peerDependencies"[39m[33m:[39m {[0m
4 error [0m [90m 31 |[39m     [32m"react"[39m[33m:[39m [32m"17 || 18"[39m[33m,[39m[0m
4 error [0m [90m 32 |[39m     [32m"styled-components"[39m[33m:[39m [32m"4 || 5"[39m[0m
4 error
4 error     at parseJson (/Volumes/Data/on-going/ryan/littlespoon/designsystem/node_modules/parse-json/index.js:29:21)
4 error     at parse (/Volumes/Data/on-going/ryan/littlespoon/designsystem/node_modules/load-json-file/index.js:15:9)
4 error     at module.exports (/Volumes/Data/on-going/ryan/littlespoon/designsystem/node_modules/load-json-file/index.js:18:47)
